11-Jun-2019 00:29:34.789 INFO [main] org.apache.catalina.startup.VersionLoggerListener.log Server version:        Apache Tomcat/8.5.11
11-Jun-2019 00:29:34.791 INFO [main] org.apache.catalina.startup.VersionLoggerListener.log Server built:          Jan 10 2017 21:02:52 UTC
11-Jun-2019 00:29:34.793 INFO [main] org.apache.catalina.startup.VersionLoggerListener.log Server number:         8.5.11.0
11-Jun-2019 00:29:34.793 INFO [main] org.apache.catalina.startup.VersionLoggerListener.log OS Name:               Windows 10
11-Jun-2019 00:29:34.793 INFO [main] org.apache.catalina.startup.VersionLoggerListener.log OS Version:            10.0
11-Jun-2019 00:29:34.794 INFO [main] org.apache.catalina.startup.VersionLoggerListener.log Architecture:          amd64
11-Jun-2019 00:29:34.794 INFO [main] org.apache.catalina.startup.VersionLoggerListener.log Java Home:             C:\Program Files\Java\jdk1.8.0_211\jre
11-Jun-2019 00:29:34.794 INFO [main] org.apache.catalina.startup.VersionLoggerListener.log JVM Version:           1.8.0_211-b12
11-Jun-2019 00:29:34.794 INFO [main] org.apache.catalina.startup.VersionLoggerListener.log JVM Vendor:            Oracle Corporation
11-Jun-2019 00:29:34.794 INFO [main] org.apache.catalina.startup.VersionLoggerListener.log CATALINA_BASE:         C:\Users\wgv85\Desktop\Repos\Projects\apache-tomcat-8.5.11\apache-tomcat-8.5.11
11-Jun-2019 00:29:34.795 INFO [main] org.apache.catalina.startup.VersionLoggerListener.log CATALINA_HOME:         C:\Users\wgv85\Desktop\Repos\Projects\apache-tomcat-8.5.11\apache-tomcat-8.5.11
11-Jun-2019 00:29:34.795 INFO [main] org.apache.catalina.startup.VersionLoggerListener.log Command line argument: -Djava.util.logging.config.file=C:\Users\wgv85\Desktop\Repos\Projects\apache-tomcat-8.5.11\apache-tomcat-8.5.11\conf\logging.properties
11-Jun-2019 00:29:34.795 INFO [main] org.apache.catalina.startup.VersionLoggerListener.log Command line argument: -Djava.util.logging.manager=org.apache.juli.ClassLoaderLogManager
11-Jun-2019 00:29:34.795 INFO [main] org.apache.catalina.startup.VersionLoggerListener.log Command line argument: -Djdk.tls.ephemeralDHKeySize=2048
11-Jun-2019 00:29:34.795 INFO [main] org.apache.catalina.startup.VersionLoggerListener.log Command line argument: -Djava.protocol.handler.pkgs=org.apache.catalina.webresources
11-Jun-2019 00:29:34.796 INFO [main] org.apache.catalina.startup.VersionLoggerListener.log Command line argument: -Dcatalina.base=C:\Users\wgv85\Desktop\Repos\Projects\apache-tomcat-8.5.11\apache-tomcat-8.5.11
11-Jun-2019 00:29:34.798 INFO [main] org.apache.catalina.startup.VersionLoggerListener.log Command line argument: -Dcatalina.home=C:\Users\wgv85\Desktop\Repos\Projects\apache-tomcat-8.5.11\apache-tomcat-8.5.11
11-Jun-2019 00:29:34.798 INFO [main] org.apache.catalina.startup.VersionLoggerListener.log Command line argument: -Djava.io.tmpdir=C:\Users\wgv85\Desktop\Repos\Projects\apache-tomcat-8.5.11\apache-tomcat-8.5.11\temp
11-Jun-2019 00:29:34.799 INFO [main] org.apache.catalina.core.AprLifecycleListener.lifecycleEvent The APR based Apache Tomcat Native library which allows optimal performance in production environments was not found on the java.library.path: C:\Program Files\Java\jdk1.8.0_211\bin;C:\WINDOWS\Sun\Java\bin;C:\WINDOWS\system32;C:\WINDOWS;C:\Users\wgv85\bin;C:\Program Files\Git\mingw64\bin;C:\Program Files\Git\usr\local\bin;C:\Program Files\Git\usr\bin;C:\Program Files\Git\usr\bin;C:\Program Files\Git\mingw64\bin;C:\Program Files\Git\usr\bin;C:\Users\wgv85\bin;C:\Program Files (x86)\Common Files\Oracle\Java\javapath;C:\Program Files (x86)\Intel\Intel(R) Management Engine Components\iCLS;C:\Program Files\Intel\Intel(R) Management Engine Components\iCLS;C:\WINDOWS\system32;C:\WINDOWS;C:\WINDOWS\System32\Wbem;C:\WINDOWS\System32\WindowsPowerShell\v1.0;C:\WINDOWS\System32\OpenSSH;C:\Program Files (x86)\Intel\Intel(R) Management Engine Components\DAL;C:\Program Files\Intel\Intel(R) Management Engine Components\DAL;C:\Program Files\Java\jdk1.8.0_211\bin;C:\Users\wgv85\Documents\apache-maven-3.6.1\bin;C:\Program Files\MySQL\MySQL Shell 8.0\bin;C:\Users\wgv85\AppData\Local\Microsoft\WindowsApps;C:\Program Files\heroku\bin;C:\Program Files\Git\usr\bin\vendor_perl;C:\Program Files\Git\usr\bin\core_perl;.
11-Jun-2019 00:29:34.891 INFO [main] org.apache.coyote.AbstractProtocol.init Initializing ProtocolHandler ["http-nio-8080"]
11-Jun-2019 00:29:35.037 INFO [main] org.apache.tomcat.util.net.NioSelectorPool.getSharedSelector Using a shared selector for servlet write/read
11-Jun-2019 00:29:35.039 INFO [main] org.apache.coyote.AbstractProtocol.init Initializing ProtocolHandler ["ajp-nio-8009"]
11-Jun-2019 00:29:35.041 INFO [main] org.apache.tomcat.util.net.NioSelectorPool.getSharedSelector Using a shared selector for servlet write/read
11-Jun-2019 00:29:35.041 INFO [main] org.apache.catalina.startup.Catalina.load Initialization processed in 477 ms
11-Jun-2019 00:29:35.062 INFO [main] org.apache.catalina.core.StandardService.startInternal Starting service Catalina
11-Jun-2019 00:29:35.062 INFO [main] org.apache.catalina.core.StandardEngine.startInternal Starting Servlet Engine: Apache Tomcat/8.5.11
11-Jun-2019 00:29:35.070 INFO [localhost-startStop-1] org.apache.catalina.startup.HostConfig.deployDirectory Deploying web application directory C:\Users\wgv85\Desktop\Repos\Projects\apache-tomcat-8.5.11\apache-tomcat-8.5.11\webapps\docs
11-Jun-2019 00:29:35.272 INFO [localhost-startStop-1] org.apache.catalina.startup.HostConfig.deployDirectory Deployment of web application directory C:\Users\wgv85\Desktop\Repos\Projects\apache-tomcat-8.5.11\apache-tomcat-8.5.11\webapps\docs has finished in 201 ms
11-Jun-2019 00:29:35.272 INFO [localhost-startStop-1] org.apache.catalina.startup.HostConfig.deployDirectory Deploying web application directory C:\Users\wgv85\Desktop\Repos\Projects\apache-tomcat-8.5.11\apache-tomcat-8.5.11\webapps\examples
11-Jun-2019 00:29:35.871 INFO [localhost-startStop-1] org.apache.catalina.startup.HostConfig.deployDirectory Deployment of web application directory C:\Users\wgv85\Desktop\Repos\Projects\apache-tomcat-8.5.11\apache-tomcat-8.5.11\webapps\examples has finished in 599 ms
11-Jun-2019 00:29:35.871 INFO [localhost-startStop-1] org.apache.catalina.startup.HostConfig.deployDirectory Deploying web application directory C:\Users\wgv85\Desktop\Repos\Projects\apache-tomcat-8.5.11\apache-tomcat-8.5.11\webapps\host-manager
11-Jun-2019 00:29:35.896 INFO [localhost-startStop-1] org.apache.catalina.startup.HostConfig.deployDirectory Deployment of web application directory C:\Users\wgv85\Desktop\Repos\Projects\apache-tomcat-8.5.11\apache-tomcat-8.5.11\webapps\host-manager has finished in 25 ms
11-Jun-2019 00:29:35.897 INFO [localhost-startStop-1] org.apache.catalina.startup.HostConfig.deployDirectory Deploying web application directory C:\Users\wgv85\Desktop\Repos\Projects\apache-tomcat-8.5.11\apache-tomcat-8.5.11\webapps\manager
11-Jun-2019 00:29:35.922 INFO [localhost-startStop-1] org.apache.catalina.startup.HostConfig.deployDirectory Deployment of web application directory C:\Users\wgv85\Desktop\Repos\Projects\apache-tomcat-8.5.11\apache-tomcat-8.5.11\webapps\manager has finished in 25 ms
11-Jun-2019 00:29:35.923 INFO [localhost-startStop-1] org.apache.catalina.startup.HostConfig.deployDirectory Deploying web application directory C:\Users\wgv85\Desktop\Repos\Projects\apache-tomcat-8.5.11\apache-tomcat-8.5.11\webapps\ROOT
11-Jun-2019 00:29:35.950 INFO [localhost-startStop-1] org.apache.catalina.startup.HostConfig.deployDirectory Deployment of web application directory C:\Users\wgv85\Desktop\Repos\Projects\apache-tomcat-8.5.11\apache-tomcat-8.5.11\webapps\ROOT has finished in 27 ms
11-Jun-2019 00:29:35.953 INFO [main] org.apache.coyote.AbstractProtocol.start Starting ProtocolHandler [http-nio-8080]
11-Jun-2019 00:29:35.959 INFO [main] org.apache.coyote.AbstractProtocol.start Starting ProtocolHandler [ajp-nio-8009]
11-Jun-2019 00:29:35.960 INFO [main] org.apache.catalina.startup.Catalina.start Server startup in 917 ms
